ARM GAS  /tmp/ccOW9hW7.s 			page 1


   1              		.cpu cortex-m3
   2              		.arch armv7-m
   3              		.fpu softvfp
   4              		.eabi_attribute 20, 1
   5              		.eabi_attribute 21, 1
   6              		.eabi_attribute 23, 3
   7              		.eabi_attribute 24, 1
   8              		.eabi_attribute 25, 1
   9              		.eabi_attribute 26, 1
  10              		.eabi_attribute 30, 1
  11              		.eabi_attribute 34, 1
  12              		.eabi_attribute 18, 4
  13              		.file	"stm32l1xx_hal_msp.c"
  14              		.text
  15              	.Ltext0:
  16              		.cfi_sections	.debug_frame
  17              		.file 1 "Core/Src/stm32l1xx_hal_msp.c"
  18              		.section	.text.HAL_MspInit,"ax",%progbits
  19              		.align	1
  20              		.global	HAL_MspInit
  21              		.syntax unified
  22              		.thumb
  23              		.thumb_func
  25              	HAL_MspInit:
  26              	.LFB72:
   1:Core/Src/stm32l1xx_hal_msp.c **** /* USER CODE BEGIN Header */
   2:Core/Src/stm32l1xx_hal_msp.c **** /**
   3:Core/Src/stm32l1xx_hal_msp.c ****   ******************************************************************************
   4:Core/Src/stm32l1xx_hal_msp.c ****   * @file         stm32l1xx_hal_msp.c
   5:Core/Src/stm32l1xx_hal_msp.c ****   * @brief        This file provides code for the MSP Initialization
   6:Core/Src/stm32l1xx_hal_msp.c ****   *               and de-Initialization codes.
   7:Core/Src/stm32l1xx_hal_msp.c ****   ******************************************************************************
   8:Core/Src/stm32l1xx_hal_msp.c ****   * @attention
   9:Core/Src/stm32l1xx_hal_msp.c ****   *
  10:Core/Src/stm32l1xx_hal_msp.c ****   * Copyright (c) 2023 STMicroelectronics.
  11:Core/Src/stm32l1xx_hal_msp.c ****   * All rights reserved.
  12:Core/Src/stm32l1xx_hal_msp.c ****   *
  13:Core/Src/stm32l1xx_hal_msp.c ****   * This software is licensed under terms that can be found in the LICENSE file
  14:Core/Src/stm32l1xx_hal_msp.c ****   * in the root directory of this software component.
  15:Core/Src/stm32l1xx_hal_msp.c ****   * If no LICENSE file comes with this software, it is provided AS-IS.
  16:Core/Src/stm32l1xx_hal_msp.c ****   *
  17:Core/Src/stm32l1xx_hal_msp.c ****   ******************************************************************************
  18:Core/Src/stm32l1xx_hal_msp.c ****   */
  19:Core/Src/stm32l1xx_hal_msp.c **** /* USER CODE END Header */
  20:Core/Src/stm32l1xx_hal_msp.c **** 
  21:Core/Src/stm32l1xx_hal_msp.c **** /* Includes ------------------------------------------------------------------*/
  22:Core/Src/stm32l1xx_hal_msp.c **** #include "main.h"
  23:Core/Src/stm32l1xx_hal_msp.c **** 
  24:Core/Src/stm32l1xx_hal_msp.c **** /* USER CODE BEGIN Includes */
  25:Core/Src/stm32l1xx_hal_msp.c **** 
  26:Core/Src/stm32l1xx_hal_msp.c **** /* USER CODE END Includes */
  27:Core/Src/stm32l1xx_hal_msp.c **** 
  28:Core/Src/stm32l1xx_hal_msp.c **** /* Private typedef -----------------------------------------------------------*/
  29:Core/Src/stm32l1xx_hal_msp.c **** /* USER CODE BEGIN TD */
  30:Core/Src/stm32l1xx_hal_msp.c **** 
  31:Core/Src/stm32l1xx_hal_msp.c **** /* USER CODE END TD */
  32:Core/Src/stm32l1xx_hal_msp.c **** 
ARM GAS  /tmp/ccOW9hW7.s 			page 2


  33:Core/Src/stm32l1xx_hal_msp.c **** /* Private define ------------------------------------------------------------*/
  34:Core/Src/stm32l1xx_hal_msp.c **** /* USER CODE BEGIN Define */
  35:Core/Src/stm32l1xx_hal_msp.c **** 
  36:Core/Src/stm32l1xx_hal_msp.c **** /* USER CODE END Define */
  37:Core/Src/stm32l1xx_hal_msp.c **** 
  38:Core/Src/stm32l1xx_hal_msp.c **** /* Private macro -------------------------------------------------------------*/
  39:Core/Src/stm32l1xx_hal_msp.c **** /* USER CODE BEGIN Macro */
  40:Core/Src/stm32l1xx_hal_msp.c **** 
  41:Core/Src/stm32l1xx_hal_msp.c **** /* USER CODE END Macro */
  42:Core/Src/stm32l1xx_hal_msp.c **** 
  43:Core/Src/stm32l1xx_hal_msp.c **** /* Private variables ---------------------------------------------------------*/
  44:Core/Src/stm32l1xx_hal_msp.c **** /* USER CODE BEGIN PV */
  45:Core/Src/stm32l1xx_hal_msp.c **** 
  46:Core/Src/stm32l1xx_hal_msp.c **** /* USER CODE END PV */
  47:Core/Src/stm32l1xx_hal_msp.c **** 
  48:Core/Src/stm32l1xx_hal_msp.c **** /* Private function prototypes -----------------------------------------------*/
  49:Core/Src/stm32l1xx_hal_msp.c **** /* USER CODE BEGIN PFP */
  50:Core/Src/stm32l1xx_hal_msp.c **** 
  51:Core/Src/stm32l1xx_hal_msp.c **** /* USER CODE END PFP */
  52:Core/Src/stm32l1xx_hal_msp.c **** 
  53:Core/Src/stm32l1xx_hal_msp.c **** /* External functions --------------------------------------------------------*/
  54:Core/Src/stm32l1xx_hal_msp.c **** /* USER CODE BEGIN ExternalFunctions */
  55:Core/Src/stm32l1xx_hal_msp.c **** 
  56:Core/Src/stm32l1xx_hal_msp.c **** /* USER CODE END ExternalFunctions */
  57:Core/Src/stm32l1xx_hal_msp.c **** 
  58:Core/Src/stm32l1xx_hal_msp.c **** /* USER CODE BEGIN 0 */
  59:Core/Src/stm32l1xx_hal_msp.c **** 
  60:Core/Src/stm32l1xx_hal_msp.c **** /* USER CODE END 0 */
  61:Core/Src/stm32l1xx_hal_msp.c **** /**
  62:Core/Src/stm32l1xx_hal_msp.c ****   * Initializes the Global MSP.
  63:Core/Src/stm32l1xx_hal_msp.c ****   */
  64:Core/Src/stm32l1xx_hal_msp.c **** void HAL_MspInit(void)
  65:Core/Src/stm32l1xx_hal_msp.c **** {
  27              		.loc 1 65 1 view -0
  28              		.cfi_startproc
  29              		@ args = 0, pretend = 0, frame = 16
  30              		@ frame_needed = 0, uses_anonymous_args = 0
  31 0000 00B5     		push	{lr}
  32              	.LCFI0:
  33              		.cfi_def_cfa_offset 4
  34              		.cfi_offset 14, -4
  35 0002 85B0     		sub	sp, sp, #20
  36              	.LCFI1:
  37              		.cfi_def_cfa_offset 24
  66:Core/Src/stm32l1xx_hal_msp.c ****   /* USER CODE BEGIN MspInit 0 */
  67:Core/Src/stm32l1xx_hal_msp.c **** 
  68:Core/Src/stm32l1xx_hal_msp.c ****   /* USER CODE END MspInit 0 */
  69:Core/Src/stm32l1xx_hal_msp.c **** 
  70:Core/Src/stm32l1xx_hal_msp.c ****   __HAL_RCC_COMP_CLK_ENABLE();
  38              		.loc 1 70 3 view .LVU1
  39              	.LBB2:
  40              		.loc 1 70 3 view .LVU2
  41              		.loc 1 70 3 view .LVU3
  42 0004 104B     		ldr	r3, .L3
  43 0006 5A6A     		ldr	r2, [r3, #36]
  44 0008 42F00042 		orr	r2, r2, #-2147483648
  45 000c 5A62     		str	r2, [r3, #36]
ARM GAS  /tmp/ccOW9hW7.s 			page 3


  46              		.loc 1 70 3 view .LVU4
  47 000e 5A6A     		ldr	r2, [r3, #36]
  48 0010 02F00042 		and	r2, r2, #-2147483648
  49 0014 0192     		str	r2, [sp, #4]
  50              		.loc 1 70 3 view .LVU5
  51 0016 019A     		ldr	r2, [sp, #4]
  52              	.LBE2:
  53              		.loc 1 70 3 view .LVU6
  71:Core/Src/stm32l1xx_hal_msp.c ****   __HAL_RCC_SYSCFG_CLK_ENABLE();
  54              		.loc 1 71 3 view .LVU7
  55              	.LBB3:
  56              		.loc 1 71 3 view .LVU8
  57              		.loc 1 71 3 view .LVU9
  58 0018 1A6A     		ldr	r2, [r3, #32]
  59 001a 42F00102 		orr	r2, r2, #1
  60 001e 1A62     		str	r2, [r3, #32]
  61              		.loc 1 71 3 view .LVU10
  62 0020 1A6A     		ldr	r2, [r3, #32]
  63 0022 02F00102 		and	r2, r2, #1
  64 0026 0292     		str	r2, [sp, #8]
  65              		.loc 1 71 3 view .LVU11
  66 0028 029A     		ldr	r2, [sp, #8]
  67              	.LBE3:
  68              		.loc 1 71 3 view .LVU12
  72:Core/Src/stm32l1xx_hal_msp.c ****   __HAL_RCC_PWR_CLK_ENABLE();
  69              		.loc 1 72 3 view .LVU13
  70              	.LBB4:
  71              		.loc 1 72 3 view .LVU14
  72              		.loc 1 72 3 view .LVU15
  73 002a 5A6A     		ldr	r2, [r3, #36]
  74 002c 42F08052 		orr	r2, r2, #268435456
  75 0030 5A62     		str	r2, [r3, #36]
  76              		.loc 1 72 3 view .LVU16
  77 0032 5B6A     		ldr	r3, [r3, #36]
  78 0034 03F08053 		and	r3, r3, #268435456
  79 0038 0393     		str	r3, [sp, #12]
  80              		.loc 1 72 3 view .LVU17
  81 003a 039B     		ldr	r3, [sp, #12]
  82              	.LBE4:
  83              		.loc 1 72 3 view .LVU18
  73:Core/Src/stm32l1xx_hal_msp.c **** 
  74:Core/Src/stm32l1xx_hal_msp.c ****   HAL_NVIC_SetPriorityGrouping(NVIC_PRIORITYGROUP_0);
  84              		.loc 1 74 3 view .LVU19
  85 003c 0720     		movs	r0, #7
  86 003e FFF7FEFF 		bl	HAL_NVIC_SetPriorityGrouping
  87              	.LVL0:
  75:Core/Src/stm32l1xx_hal_msp.c **** 
  76:Core/Src/stm32l1xx_hal_msp.c ****   /* System interrupt init*/
  77:Core/Src/stm32l1xx_hal_msp.c **** 
  78:Core/Src/stm32l1xx_hal_msp.c ****   /* USER CODE BEGIN MspInit 1 */
  79:Core/Src/stm32l1xx_hal_msp.c **** 
  80:Core/Src/stm32l1xx_hal_msp.c ****   /* USER CODE END MspInit 1 */
  81:Core/Src/stm32l1xx_hal_msp.c **** }
  88              		.loc 1 81 1 is_stmt 0 view .LVU20
  89 0042 05B0     		add	sp, sp, #20
  90              	.LCFI2:
  91              		.cfi_def_cfa_offset 4
ARM GAS  /tmp/ccOW9hW7.s 			page 4


  92              		@ sp needed
  93 0044 5DF804FB 		ldr	pc, [sp], #4
  94              	.L4:
  95              		.align	2
  96              	.L3:
  97 0048 00380240 		.word	1073887232
  98              		.cfi_endproc
  99              	.LFE72:
 101              		.text
 102              	.Letext0:
 103              		.file 2 "/usr/arm-none-eabi/include/machine/_default_types.h"
 104              		.file 3 "/usr/arm-none-eabi/include/sys/_stdint.h"
 105              		.file 4 "Drivers/CMSIS/Device/ST/STM32L1xx/Include/stm32l152xe.h"
 106              		.file 5 "Drivers/STM32L1xx_HAL_Driver/Inc/stm32l1xx_hal_cortex.h"
ARM GAS  /tmp/ccOW9hW7.s 			page 5


DEFINED SYMBOLS
                            *ABS*:00000000 stm32l1xx_hal_msp.c
     /tmp/ccOW9hW7.s:19     .text.HAL_MspInit:00000000 $t
     /tmp/ccOW9hW7.s:25     .text.HAL_MspInit:00000000 HAL_MspInit
     /tmp/ccOW9hW7.s:97     .text.HAL_MspInit:00000048 $d

UNDEFINED SYMBOLS
HAL_NVIC_SetPriorityGrouping
